Build started 8/13/2015 1:12:18 PM.
     1>Project "C:\Users\petrij\documents\visual studio 2013\Projects\Game\Game\Game.vcxproj" on node 2 (Build target(s)).
     1>ClCompile:
         C:\Program Files (x86)\Microsoft Visual Studio 12.0\VC\bin\CL.exe /c /ZI /nologo /W3 /WX- /sdl /Od /Oy- /D _MBCS /Gm /EHsc /RTC1 /MDd /GS /fp:precise /Zc:wchar_t /Zc:forScope /Fo"Debug\\" /Fd"Debug\vc120.pdb" /Gd /TP /analyze- /errorReport:prompt Player.cpp
         Player.cpp
     1>c:\users\petrij\documents\visual studio 2013\projects\game\game\thrustanimation.h(24): warning C4244: 'argument' : conversion from 'int' to 'float', possible loss of data
     1>c:\users\petrij\documents\visual studio 2013\projects\game\game\thrustanimation.h(27): warning C4305: 'argument' : truncation from 'double' to 'float'
     1>c:\users\petrij\documents\visual studio 2013\projects\game\game\player.cpp(8): warning C4305: '=' : truncation from 'double' to 'float'
     1>c:\users\petrij\documents\visual studio 2013\projects\game\game\player.cpp(10): warning C4305: '=' : truncation from 'double' to 'float'
     1>c:\users\petrij\documents\visual studio 2013\projects\game\game\player.cpp(39): warning C4244: '+=' : conversion from 'double' to 'float', possible loss of data
     1>c:\users\petrij\documents\visual studio 2013\projects\game\game\player.cpp(40): warning C4244: '+=' : conversion from 'double' to 'float', possible loss of data
     1>c:\users\petrij\documents\visual studio 2013\projects\game\game\player.cpp(56): warning C4244: '+=' : conversion from 'double' to 'float', possible loss of data
     1>c:\users\petrij\documents\visual studio 2013\projects\game\game\player.cpp(57): warning C4244: '+=' : conversion from 'double' to 'float', possible loss of data
     1>c:\users\petrij\documents\visual studio 2013\projects\game\game\player.cpp(73): warning C4244: '+=' : conversion from 'double' to 'float', possible loss of data
     1>c:\users\petrij\documents\visual studio 2013\projects\game\game\player.cpp(74): warning C4244: '+=' : conversion from 'double' to 'float', possible loss of data
     1>c:\users\petrij\documents\visual studio 2013\projects\game\game\player.cpp(90): warning C4244: '+=' : conversion from 'double' to 'float', possible loss of data
     1>c:\users\petrij\documents\visual studio 2013\projects\game\game\player.cpp(91): warning C4244: '+=' : conversion from 'double' to 'float', possible loss of data
     1>c:\users\petrij\documents\visual studio 2013\projects\game\game\player.cpp(107): warning C4244: '+=' : conversion from 'double' to 'float', possible loss of data
     1>c:\users\petrij\documents\visual studio 2013\projects\game\game\player.cpp(108): warning C4244: '+=' : conversion from 'double' to 'float', possible loss of data
     1>c:\users\petrij\documents\visual studio 2013\projects\game\game\player.cpp(124): warning C4244: '+=' : conversion from 'double' to 'float', possible loss of data
     1>c:\users\petrij\documents\visual studio 2013\projects\game\game\player.cpp(125): warning C4244: '+=' : conversion from 'double' to 'float', possible loss of data
     1>c:\users\petrij\documents\visual studio 2013\projects\game\game\player.cpp(140): warning C4244: '+=' : conversion from 'double' to 'float', possible loss of data
     1>c:\users\petrij\documents\visual studio 2013\projects\game\game\player.cpp(141): warning C4244: '+=' : conversion from 'double' to 'float', possible loss of data
     1>c:\users\petrij\documents\visual studio 2013\projects\game\game\player.cpp(157): warning C4244: '+=' : conversion from 'double' to 'float', possible loss of data
     1>c:\users\petrij\documents\visual studio 2013\projects\game\game\player.cpp(158): warning C4244: '+=' : conversion from 'double' to 'float', possible loss of data
     1>c:\users\petrij\documents\visual studio 2013\projects\game\game\player.cpp(166): warning C4244: 'initializing' : conversion from 'float' to 'int', possible loss of data
       Link:
         C:\Program Files (x86)\Microsoft Visual Studio 12.0\VC\bin\link.exe /ERRORREPORT:PROMPT /OUT:"C:\Users\petrij\documents\visual studio 2013\Projects\Game\Debug\Game.exe" /INCREMENTAL /NOLOGO "sfml-graphics-d.lib" "sfml-window-d.lib" "sfml-system-d.lib" "sfml-audio-d.lib" kernel32.lib user32.lib gdi32.lib winspool.lib comdlg32.lib advapi32.lib shell32.lib ole32.lib oleaut32.lib uuid.lib odbc32.lib odbccp32.lib /MANIFEST /MANIFESTUAC:"level='asInvoker' uiAccess='false'" /manifest:embed /DEBUG /PDB:"C:\Users\petrij\documents\visual studio 2013\Projects\Game\Debug\Game.pdb" /TLBID:1 /DYNAMICBASE /NXCOMPAT /IMPLIB:"C:\Users\petrij\documents\visual studio 2013\Projects\Game\Debug\Game.lib" /MACHINE:X86 Debug\BulletSystem.obj
         Debug\Enemy.obj
         Debug\EnemyControl.obj
         Debug\Main.obj
         Debug\Player.obj
         Debug\ThrustAnimation.obj
         Game.vcxproj -> C:\Users\petrij\documents\visual studio 2013\Projects\Game\Debug\Game.exe
     1>Done Building Project "C:\Users\petrij\documents\visual studio 2013\Projects\Game\Game\Game.vcxproj" (Build target(s)).

Build succeeded.

Time Elapsed 00:00:01.06
