Build started 8/14/2015 1:45:52 PM.
     1>Project "C:\Users\petrij\documents\visual studio 2013\Projects\Game\Game\Game.vcxproj" on node 2 (Build target(s)).
     1>ClCompile:
         C:\Program Files (x86)\Microsoft Visual Studio 12.0\VC\bin\CL.exe /c /Zi /nologo /W3 /WX- /sdl /O2 /Oi /Oy- /GL /D _MBCS /Gm- /EHsc /MD /GS /Gy /fp:precise /Zc:wchar_t /Zc:forScope /Fo"Release\\" /Fd"Release\vc120.pdb" /Gd /TP /analyze- /errorReport:prompt Player.cpp
         Player.cpp
     1>Player.cpp(8): warning C4305: '=' : truncation from 'double' to 'float'
     1>Player.cpp(10): warning C4305: '=' : truncation from 'double' to 'float'
     1>Player.cpp(39): warning C4244: '+=' : conversion from 'double' to 'float', possible loss of data
     1>Player.cpp(40): warning C4244: '+=' : conversion from 'double' to 'float', possible loss of data
     1>Player.cpp(56): warning C4244: '+=' : conversion from 'double' to 'float', possible loss of data
     1>Player.cpp(57): warning C4244: '+=' : conversion from 'double' to 'float', possible loss of data
     1>Player.cpp(73): warning C4244: '+=' : conversion from 'double' to 'float', possible loss of data
     1>Player.cpp(74): warning C4244: '+=' : conversion from 'double' to 'float', possible loss of data
     1>Player.cpp(90): warning C4244: '+=' : conversion from 'double' to 'float', possible loss of data
     1>Player.cpp(91): warning C4244: '+=' : conversion from 'double' to 'float', possible loss of data
     1>Player.cpp(107): warning C4244: '+=' : conversion from 'double' to 'float', possible loss of data
     1>Player.cpp(108): warning C4244: '+=' : conversion from 'double' to 'float', possible loss of data
     1>Player.cpp(124): warning C4244: '+=' : conversion from 'double' to 'float', possible loss of data
     1>Player.cpp(125): warning C4244: '+=' : conversion from 'double' to 'float', possible loss of data
     1>Player.cpp(140): warning C4244: '+=' : conversion from 'double' to 'float', possible loss of data
     1>Player.cpp(141): warning C4244: '+=' : conversion from 'double' to 'float', possible loss of data
     1>Player.cpp(157): warning C4244: '+=' : conversion from 'double' to 'float', possible loss of data
     1>Player.cpp(158): warning C4244: '+=' : conversion from 'double' to 'float', possible loss of data
     1>Player.cpp(166): warning C4244: 'initializing' : conversion from 'float' to 'int', possible loss of data
       Link:
         C:\Program Files (x86)\Microsoft Visual Studio 12.0\VC\bin\link.exe /ERRORREPORT:PROMPT /OUT:"C:\Users\petrij\documents\visual studio 2013\Projects\Game\Release\Game.exe" /NOLOGO "sfml-graphics.lib" "sfml-window.lib" "sfml-system.lib" "sfml-audio.lib" kernel32.lib user32.lib gdi32.lib winspool.lib comdlg32.lib advapi32.lib shell32.lib ole32.lib oleaut32.lib uuid.lib odbc32.lib odbccp32.lib /MANIFEST /MANIFESTUAC:"level='asInvoker' uiAccess='false'" /manifest:embed /DEBUG /PDB:"C:\Users\petrij\documents\visual studio 2013\Projects\Game\Release\Game.pdb" /OPT:REF /OPT:ICF /LTCG /TLBID:1 /DYNAMICBASE /NXCOMPAT /IMPLIB:"C:\Users\petrij\documents\visual studio 2013\Projects\Game\Release\Game.lib" /MACHINE:X86 /SAFESEH Release\BulletSystem.obj
         Release\CollisionDetection.obj
         Release\Enemy.obj
         Release\EnemyControl.obj
         Release\Main.obj
         Release\Player.obj
         Release\ThrustAnimation.obj
         Generating code
         Finished generating code
         Game.vcxproj -> C:\Users\petrij\documents\visual studio 2013\Projects\Game\Release\Game.exe
     1>Done Building Project "C:\Users\petrij\documents\visual studio 2013\Projects\Game\Game\Game.vcxproj" (Build target(s)).

Build succeeded.

Time Elapsed 00:00:02.07
